Using pre-set license
Built from '2020.2/staging' branch; Version is '2020.2.3f1 (8ff31bc5bf5b) revision 9433883'; Using compiler version '192528614'; Build Type 'Release'
OS: 'Windows 10 Home; OS build 19042.928; Version 2009; 64bit' Language: 'en' Physical Memory: 20313 MB
BatchMode: 1, IsHumanControllingUs: 0, StartBugReporterOnCrash: 0, Is64bit: 1, IsPro: 0

 COMMAND LINE ARGUMENTS:
C:\Program Files\Unity\Hub\Editor\2020.2.3f1\Editor\Unity.exe
-adb2
-batchMode
-noUpm
-name
AssetImportWorker0
-projectPath
C:/Users/Elli/Documents/CSC495/mathgame/OlisMathematicalAdventure
-logFile
Logs/AssetImportWorker0.log
-srvPort
51475
Successfully changed project path to: C:/Users/Elli/Documents/CSC495/mathgame/OlisMathematicalAdventure
C:/Users/Elli/Documents/CSC495/mathgame/OlisMathematicalAdventure
Using Asset Import Pipeline V2.
Refreshing native plugins compatible for Editor in 107.58 ms, found 1 plugins.
Preloading 0 native plugins for Editor in 0.00 ms.
Initialize engine version: 2020.2.3f1 (8ff31bc5bf5b)
[Subsystems] Discovering subsystems at path C:/Program Files/Unity/Hub/Editor/2020.2.3f1/Editor/Data/Resources/UnitySubsystems
[Subsystems] Discovering subsystems at path C:/Users/Elli/Documents/CSC495/mathgame/OlisMathematicalAdventure/Assets
GfxDevice: creating device client; threaded=0
Direct3D:
    Version:  Direct3D 11.0 [level 11.1]
    Renderer: Intel(R) UHD Graphics 620 (ID=0x5917)
    Vendor:   
    VRAM:     10156 MB
    Driver:   23.20.16.4849
Initialize mono
Mono path[0] = 'C:/Program Files/Unity/Hub/Editor/2020.2.3f1/Editor/Data/Managed'
Mono path[1] = 'C:/Program Files/Unity/Hub/Editor/2020.2.3f1/Editor/Data/MonoBleedingEdge/lib/mono/unityjit'
Mono config path = 'C:/Program Files/Unity/Hub/Editor/2020.2.3f1/Editor/Data/MonoBleedingEdge/etc'
Using monoOptions --debugger-agent=transport=dt_socket,embedding=1,server=y,suspend=n,address=127.0.0.1:56944
Begin MonoManager ReloadAssembly
Registering precompiled unity dll's ...
Register platform support module: C:/Program Files/Unity/Hub/Editor/2020.2.3f1/Editor/Data/PlaybackEngines/WindowsStandaloneSupport/UnityEditor.WindowsStandalone.Extensions.dll
Registered in 0.008820 seconds.
Native extension for WindowsStandalone target not found
Refreshing native plugins compatible for Editor in 96.29 ms, found 1 plugins.
Preloading 0 native plugins for Editor in 0.00 ms.
Invoked RoslynAnalysisRunner static constructor.
RoslynAnalysisRunner will not be running.
RoslynAnalysisRunner has terminated.
Mono: successfully reloaded assembly
- Completed reload, in  4.142 seconds
Platform modules already initialized, skipping
Registering precompiled user dll's ...
Registered in 0.003079 seconds.
Begin MonoManager ReloadAssembly
Native extension for WindowsStandalone target not found
Refreshing native plugins compatible for Editor in 63.62 ms, found 1 plugins.
Preloading 0 native plugins for Editor in 0.00 ms.
Invoked RoslynAnalysisRunner static constructor.
RoslynAnalysisRunner will not be running.
RoslynAnalysisRunner has terminated.
Mono: successfully reloaded assembly
- Completed reload, in  3.194 seconds
Platform modules already initialized, skipping
========================================================================
Worker process is ready to serve import requests
Launched and connected shader compiler UnityShaderCompiler.exe after 0.14 seconds
Refreshing native plugins compatible for Editor in 1.08 ms, found 1 plugins.
Preloading 0 native plugins for Editor in 0.00 ms.
Unloading 1843 Unused Serialized files (Serialized files now loaded: 0)
System memory in use before: 87.1 MB.
System memory in use after: 87.1 MB.

Unloading 23 unused Assets to reduce memory usage. Loaded Objects now: 2285.
Total: 5.705100 ms (FindLiveObjects: 0.478200 ms CreateObjectMapping: 0.234900 ms MarkObjects: 4.698100 ms  DeleteObjects: 0.291200 ms)

========================================================================
Received Import Request.
  path: Assets/Scripts/Bread Coin.prefab
  artifactKey: Guid(3e35cef9785f5d848adcb2e6e8812c15) Importer(815301076,1909f56bfc062723c751e8b465ee728b)
Start importing Assets/Scripts/Bread Coin.prefab using Guid(3e35cef9785f5d848adcb2e6e8812c15) Importer(815301076,1909f56bfc062723c751e8b465ee728b)  -> (artifact id: '11a23d2967bcbafe9b453f2c51edf996') in 0.374791 seconds
  Import took 0.384112 seconds .

========================================================================
Received Import Request.
  Time since last request: 0.000836 seconds.
  path: Assets/WhiteSquare.png
  artifactKey: Guid(ace35c39de372d5468568fb87d53faae) Importer(815301076,1909f56bfc062723c751e8b465ee728b)
Start importing Assets/WhiteSquare.png using Guid(ace35c39de372d5468568fb87d53faae) Importer(815301076,1909f56bfc062723c751e8b465ee728b)  -> (artifact id: '99a8fdf9793eceeb78af85c4bfee5acf') in 0.370540 seconds
  Import took 0.386527 seconds .

========================================================================
Received Import Request.
  Time since last request: 0.001190 seconds.
  path: Assets/Scripts
  artifactKey: Guid(a200a4328c746a4498715615b44cfa49) Importer(815301076,1909f56bfc062723c751e8b465ee728b)
Start importing Assets/Scripts using Guid(a200a4328c746a4498715615b44cfa49) Importer(815301076,1909f56bfc062723c751e8b465ee728b)  -> (artifact id: '8d1c28a5d78dbc613fedf193fb5fbe5c') in 0.010410 seconds
  Import took 0.030321 seconds .

========================================================================
Received Import Request.
  Time since last request: 0.001121 seconds.
  path: Assets/Scripts/HealthCrate.prefab
  artifactKey: Guid(585e0f71d85190749918a40c3163eeb2) Importer(815301076,1909f56bfc062723c751e8b465ee728b)
Start importing Assets/Scripts/HealthCrate.prefab using Guid(585e0f71d85190749918a40c3163eeb2) Importer(815301076,1909f56bfc062723c751e8b465ee728b)  -> (artifact id: '42fd91b73213c722098da38991742f20') in 0.080745 seconds
  Import took 0.099681 seconds .

========================================================================
Received Import Request.
  Time since last request: 0.001039 seconds.
  path: Assets/Scripts/RocketCrate.prefab
  artifactKey: Guid(c12238f8a22534247b2442edc84dd7b7) Importer(815301076,1909f56bfc062723c751e8b465ee728b)
Start importing Assets/Scripts/RocketCrate.prefab using Guid(c12238f8a22534247b2442edc84dd7b7) Importer(815301076,1909f56bfc062723c751e8b465ee728b)  -> (artifact id: '532671ccb5fc6bbe79adfc7e397c1291') in 0.104103 seconds
  Import took 0.117826 seconds .

========================================================================
Received Import Request.
  Time since last request: 0.000478 seconds.
  path: Assets/DuckGameSpriteSheet.png
  artifactKey: Guid(d8baa0ee8c39df349b47084c44dc57b1) Importer(815301076,1909f56bfc062723c751e8b465ee728b)
Start importing Assets/DuckGameSpriteSheet.png using Guid(d8baa0ee8c39df349b47084c44dc57b1) Importer(815301076,1909f56bfc062723c751e8b465ee728b)  -> (artifact id: 'c3c9f3dfe8712dc34775f89d3f3d8210') in 0.190786 seconds
  Import took 0.199528 seconds .

========================================================================
Received Import Request.
  Time since last request: 0.000431 seconds.
  path: Assets/Scripts/Lily pad.prefab
  artifactKey: Guid(e3bf596a97c3b8f45b1e449d4915c2c3) Importer(815301076,1909f56bfc062723c751e8b465ee728b)
Start importing Assets/Scripts/Lily pad.prefab using Guid(e3bf596a97c3b8f45b1e449d4915c2c3) Importer(815301076,1909f56bfc062723c751e8b465ee728b)  -> (artifact id: 'a7bdbba60b449583bc06965e11afe4b0') in 0.042626 seconds
  Import took 0.051018 seconds .

========================================================================
Received Import Request.
  Time since last request: 0.000485 seconds.
  path: Assets/Scripts/Rock.prefab
  artifactKey: Guid(026fb50417b356545964380213267201) Importer(815301076,1909f56bfc062723c751e8b465ee728b)
Start importing Assets/Scripts/Rock.prefab using Guid(026fb50417b356545964380213267201) Importer(815301076,1909f56bfc062723c751e8b465ee728b)  -> (artifact id: 'b860db965dd46a6df4f153fa0e30cee3') in 0.033167 seconds
  Import took 0.041880 seconds .

========================================================================
Received Import Request.
  Time since last request: 15.183353 seconds.
  path: Assets/Scripts/DuckLevelScript.cs
  artifactKey: Guid(337728710b409c74788da703e53e7c39) Importer(815301076,1909f56bfc062723c751e8b465ee728b)
Start importing Assets/Scripts/DuckLevelScript.cs using Guid(337728710b409c74788da703e53e7c39) Importer(815301076,1909f56bfc062723c751e8b465ee728b)  -> (artifact id: 'df20112b3507f66c276221ea0a5ba84f') in 0.031940 seconds
  Import took 0.042326 seconds .

========================================================================
Received Import Request.
  Time since last request: 0.086910 seconds.
  path: Assets/Scripts/DuckLevelScript.cs
  artifactKey: Guid(337728710b409c74788da703e53e7c39) Importer(815301076,1909f56bfc062723c751e8b465ee728b)
Start importing Assets/Scripts/DuckLevelScript.cs using Guid(337728710b409c74788da703e53e7c39) Importer(815301076,1909f56bfc062723c751e8b465ee728b)  -> (artifact id: 'df20112b3507f66c276221ea0a5ba84f') in 0.003538 seconds
  Import took 0.008873 seconds .

========================================================================
Received Prepare
Refreshing native plugins compatible for Editor in 8.73 ms, found 1 plugins.
Preloading 0 native plugins for Editor in 0.00 ms.
Unloading 10 Unused Serialized files (Serialized files now loaded: 0)
System memory in use before: 53.6 MB.
System memory in use after: 53.6 MB.

Unloading 10 unused Assets to reduce memory usage. Loaded Objects now: 2356.
Total: 9.064900 ms (FindLiveObjects: 0.724300 ms CreateObjectMapping: 0.304200 ms MarkObjects: 7.709400 ms  DeleteObjects: 0.322500 ms)

========================================================================
Received Prepare
Registering precompiled user dll's ...
Registered in 0.002901 seconds.
Begin MonoManager ReloadAssembly
Native extension for WindowsStandalone target not found
Refreshing native plugins compatible for Editor in 0.54 ms, found 1 plugins.
Preloading 0 native plugins for Editor in 0.00 ms.
Invoked RoslynAnalysisRunner static constructor.
RoslynAnalysisRunner will not be running.
RoslynAnalysisRunner has terminated.
Mono: successfully reloaded assembly
- Completed reload, in  1.477 seconds
Platform modules already initialized, skipping
Refreshing native plugins compatible for Editor in 0.81 ms, found 1 plugins.
Preloading 0 native plugins for Editor in 0.00 ms.
Unloading 1825 Unused Serialized files (Serialized files now loaded: 0)
System memory in use before: 89.4 MB.
System memory in use after: 89.3 MB.

Unloading 12 unused Assets to reduce memory usage. Loaded Objects now: 2359.
Total: 5.483700 ms (FindLiveObjects: 0.477400 ms CreateObjectMapping: 0.406600 ms MarkObjects: 4.367300 ms  DeleteObjects: 0.228700 ms)

========================================================================
Received Prepare
Registering precompiled user dll's ...
Registered in 0.001531 seconds.
Begin MonoManager ReloadAssembly
Native extension for WindowsStandalone target not found
Refreshing native plugins compatible for Editor in 0.47 ms, found 1 plugins.
Preloading 0 native plugins for Editor in 0.00 ms.
Invoked RoslynAnalysisRunner static constructor.
RoslynAnalysisRunner will not be running.
RoslynAnalysisRunner has terminated.
Mono: successfully reloaded assembly
- Completed reload, in  1.173 seconds
Platform modules already initialized, skipping
Refreshing native plugins compatible for Editor in 0.72 ms, found 1 plugins.
Preloading 0 native plugins for Editor in 0.00 ms.
Unloading 1825 Unused Serialized files (Serialized files now loaded: 0)
System memory in use before: 89.4 MB.
System memory in use after: 89.4 MB.

Unloading 12 unused Assets to reduce memory usage. Loaded Objects now: 2362.
Total: 5.664900 ms (FindLiveObjects: 0.589300 ms CreateObjectMapping: 0.243000 ms MarkObjects: 4.548200 ms  DeleteObjects: 0.259800 ms)

========================================================================
Received Import Request.
  Time since last request: 1354.189222 seconds.
  path: Assets/Scripts/DuckLevelScript.cs
  artifactKey: Guid(337728710b409c74788da703e53e7c39) Importer(815301076,1909f56bfc062723c751e8b465ee728b)
Start importing Assets/Scripts/DuckLevelScript.cs using Guid(337728710b409c74788da703e53e7c39) Importer(815301076,1909f56bfc062723c751e8b465ee728b)  -> (artifact id: '904d79762043d614763b09fa2e28e08b') in 0.008842 seconds
  Import took 0.014551 seconds .

========================================================================
Received Prepare
Registering precompiled user dll's ...
Registered in 0.002674 seconds.
Begin MonoManager ReloadAssembly
Native extension for WindowsStandalone target not found
Refreshing native plugins compatible for Editor in 0.75 ms, found 1 plugins.
Preloading 0 native plugins for Editor in 0.00 ms.
Invoked RoslynAnalysisRunner static constructor.
RoslynAnalysisRunner will not be running.
RoslynAnalysisRunner has terminated.
Mono: successfully reloaded assembly
- Completed reload, in  2.505 seconds
Platform modules already initialized, skipping
Refreshing native plugins compatible for Editor in 1.19 ms, found 1 plugins.
Preloading 0 native plugins for Editor in 0.00 ms.
Unloading 1825 Unused Serialized files (Serialized files now loaded: 0)
System memory in use before: 89.4 MB.
System memory in use after: 89.4 MB.

Unloading 12 unused Assets to reduce memory usage. Loaded Objects now: 2365.
Total: 6.911100 ms (FindLiveObjects: 0.683600 ms CreateObjectMapping: 0.319200 ms MarkObjects: 5.544600 ms  DeleteObjects: 0.359800 ms)

========================================================================
Received Import Request.
  Time since last request: 71.498414 seconds.
  path: Assets/Scripts/DuckLevelScript.cs
  artifactKey: Guid(337728710b409c74788da703e53e7c39) Importer(815301076,1909f56bfc062723c751e8b465ee728b)
Start importing Assets/Scripts/DuckLevelScript.cs using Guid(337728710b409c74788da703e53e7c39) Importer(815301076,1909f56bfc062723c751e8b465ee728b)  -> (artifact id: '6d8faede98a0992f7a20354f8cfeea9e') in 0.006931 seconds
  Import took 0.011966 seconds .

========================================================================
Received Import Request.
  Time since last request: 0.002754 seconds.
  path: Assets/Scripts/DuckLevelScript.cs
  artifactKey: Guid(337728710b409c74788da703e53e7c39) Importer(815301076,1909f56bfc062723c751e8b465ee728b)
Start importing Assets/Scripts/DuckLevelScript.cs using Guid(337728710b409c74788da703e53e7c39) Importer(815301076,1909f56bfc062723c751e8b465ee728b)  -> (artifact id: '6d8faede98a0992f7a20354f8cfeea9e') in 0.002847 seconds
  Import took 0.007049 seconds .

========================================================================
Received Prepare
Registering precompiled user dll's ...
Registered in 0.001833 seconds.
Begin MonoManager ReloadAssembly
Native extension for WindowsStandalone target not found
Refreshing native plugins compatible for Editor in 0.57 ms, found 1 plugins.
Preloading 0 native plugins for Editor in 0.00 ms.
Invoked RoslynAnalysisRunner static constructor.
RoslynAnalysisRunner will not be running.
RoslynAnalysisRunner has terminated.
Mono: successfully reloaded assembly
- Completed reload, in  1.541 seconds
Platform modules already initialized, skipping
Refreshing native plugins compatible for Editor in 0.81 ms, found 1 plugins.
Preloading 0 native plugins for Editor in 0.00 ms.
Unloading 1825 Unused Serialized files (Serialized files now loaded: 0)
System memory in use before: 89.4 MB.
System memory in use after: 89.4 MB.

Unloading 12 unused Assets to reduce memory usage. Loaded Objects now: 2368.
Total: 9.072100 ms (FindLiveObjects: 0.527200 ms CreateObjectMapping: 0.211700 ms MarkObjects: 7.906400 ms  DeleteObjects: 0.423000 ms)

========================================================================
Received Prepare
Registering precompiled user dll's ...
Registered in 0.002789 seconds.
Begin MonoManager ReloadAssembly
Native extension for WindowsStandalone target not found
Refreshing native plugins compatible for Editor in 1.09 ms, found 1 plugins.
Preloading 0 native plugins for Editor in 0.00 ms.
Invoked RoslynAnalysisRunner static constructor.
RoslynAnalysisRunner will not be running.
RoslynAnalysisRunner has terminated.
Mono: successfully reloaded assembly
- Completed reload, in  2.527 seconds
Platform modules already initialized, skipping
Refreshing native plugins compatible for Editor in 1.15 ms, found 1 plugins.
Preloading 0 native plugins for Editor in 0.00 ms.
Unloading 1825 Unused Serialized files (Serialized files now loaded: 0)
System memory in use before: 89.4 MB.
System memory in use after: 89.4 MB.

Unloading 12 unused Assets to reduce memory usage. Loaded Objects now: 2371.
Total: 5.145200 ms (FindLiveObjects: 0.463100 ms CreateObjectMapping: 0.303900 ms MarkObjects: 4.080300 ms  DeleteObjects: 0.294600 ms)

========================================================================
Received Import Request.
  Time since last request: 584.045048 seconds.
  path: Assets/TextMesh Pro/Sprites
  artifactKey: Guid(d0603b6d5186471b96c778c3949c7ce2) Importer(815301076,1909f56bfc062723c751e8b465ee728b)
Start importing Assets/TextMesh Pro/Sprites using Guid(d0603b6d5186471b96c778c3949c7ce2) Importer(815301076,1909f56bfc062723c751e8b465ee728b)  -> (artifact id: '20f7221dfe981b4cab2e9015fc8f49d2') in 0.030356 seconds
  Import took 0.049377 seconds .

========================================================================
Received Import Request.
  Time since last request: 0.170222 seconds.
  path: Assets/TextMesh Pro/Sprites/EmojiOne.png
  artifactKey: Guid(dffef66376be4fa480fb02b19edbe903) Importer(815301076,1909f56bfc062723c751e8b465ee728b)
Start importing Assets/TextMesh Pro/Sprites/EmojiOne.png using Guid(dffef66376be4fa480fb02b19edbe903) Importer(815301076,1909f56bfc062723c751e8b465ee728b)  -> (artifact id: '540e4e4de72b1bc1263b05345fba2e36') in 0.099170 seconds
  Import took 0.109174 seconds .

========================================================================
Received Import Request.
  Time since last request: 9.706016 seconds.
  path: Assets/TextMesh Pro/Documentation
  artifactKey: Guid(8e7e8f5a82a3a134e91c54efd2274ea9) Importer(815301076,1909f56bfc062723c751e8b465ee728b)
Start importing Assets/TextMesh Pro/Documentation using Guid(8e7e8f5a82a3a134e91c54efd2274ea9) Importer(815301076,1909f56bfc062723c751e8b465ee728b)  -> (artifact id: 'c4b49ccf231eafbd96608f2acc926c38') in 0.011430 seconds
  Import took 0.025854 seconds .

========================================================================
Received Import Request.
  Time since last request: 4.138876 seconds.
  path: Assets/TextMesh Pro/Examples & Extras
  artifactKey: Guid(ce51c8e33b734b4db6086586558c53a3) Importer(815301076,1909f56bfc062723c751e8b465ee728b)
Start importing Assets/TextMesh Pro/Examples & Extras using Guid(ce51c8e33b734b4db6086586558c53a3) Importer(815301076,1909f56bfc062723c751e8b465ee728b)  -> (artifact id: 'abffc2b7a070e44c3edd856ca190c15d') in 0.011839 seconds
  Import took 0.022662 seconds .

========================================================================
Received Prepare
Registering precompiled user dll's ...
Registered in 0.003099 seconds.
Begin MonoManager ReloadAssembly
Native extension for WindowsStandalone target not found
Refreshing native plugins compatible for Editor in 0.79 ms, found 1 plugins.
Preloading 0 native plugins for Editor in 0.00 ms.
Invoked RoslynAnalysisRunner static constructor.
RoslynAnalysisRunner will not be running.
RoslynAnalysisRunner has terminated.
Mono: successfully reloaded assembly
- Completed reload, in  2.486 seconds
Platform modules already initialized, skipping
Refreshing native plugins compatible for Editor in 1.37 ms, found 1 plugins.
Preloading 0 native plugins for Editor in 0.00 ms.
Unloading 1825 Unused Serialized files (Serialized files now loaded: 0)
System memory in use before: 89.5 MB.
System memory in use after: 89.4 MB.

Unloading 12 unused Assets to reduce memory usage. Loaded Objects now: 2374.
Total: 6.656100 ms (FindLiveObjects: 0.484900 ms CreateObjectMapping: 0.216700 ms MarkObjects: 5.624100 ms  DeleteObjects: 0.326300 ms)

========================================================================
Received Import Request.
  Time since last request: 1200.949258 seconds.
  path: Assets/Scripts/ProblemAnswerScript.cs
  artifactKey: Guid(df555d3e45bfabb4090e425328130e79) Importer(815301076,1909f56bfc062723c751e8b465ee728b)
Start importing Assets/Scripts/ProblemAnswerScript.cs using Guid(df555d3e45bfabb4090e425328130e79) Importer(815301076,1909f56bfc062723c751e8b465ee728b)  -> (artifact id: '8e1c11fe58d002a94fddfe80d3078eb0') in 0.013763 seconds
  Import took 0.020750 seconds .

========================================================================
Received Import Request.
  Time since last request: 0.002563 seconds.
  path: Assets/Scripts/ProblemAnswerScript.cs
  artifactKey: Guid(df555d3e45bfabb4090e425328130e79) Importer(815301076,1909f56bfc062723c751e8b465ee728b)
Start importing Assets/Scripts/ProblemAnswerScript.cs using Guid(df555d3e45bfabb4090e425328130e79) Importer(815301076,1909f56bfc062723c751e8b465ee728b)  -> (artifact id: '8e1c11fe58d002a94fddfe80d3078eb0') in 0.004984 seconds
  Import took 0.011061 seconds .

========================================================================
Received Import Request.
  Time since last request: 18.097141 seconds.
  path: Assets/Scripts/ScrollingScript.cs
  artifactKey: Guid(fe5bdd9162342074fa9d107aef0901f4) Importer(815301076,1909f56bfc062723c751e8b465ee728b)
Start importing Assets/Scripts/ScrollingScript.cs using Guid(fe5bdd9162342074fa9d107aef0901f4) Importer(815301076,1909f56bfc062723c751e8b465ee728b)  -> (artifact id: 'a4d94d4fefa016b13c310b60d4d4f9d4') in 0.007243 seconds
  Import took 0.014979 seconds .

========================================================================
Received Import Request.
  Time since last request: 0.004922 seconds.
  path: Assets/Scripts/ScrollingScript.cs
  artifactKey: Guid(fe5bdd9162342074fa9d107aef0901f4) Importer(815301076,1909f56bfc062723c751e8b465ee728b)
Start importing Assets/Scripts/ScrollingScript.cs using Guid(fe5bdd9162342074fa9d107aef0901f4) Importer(815301076,1909f56bfc062723c751e8b465ee728b)  -> (artifact id: 'a4d94d4fefa016b13c310b60d4d4f9d4') in 0.005078 seconds
  Import took 0.011156 seconds .

========================================================================
Received Import Request.
  Time since last request: 241.081799 seconds.
  path: Assets/Scripts/DuckLevelScript.cs
  artifactKey: Guid(337728710b409c74788da703e53e7c39) Importer(815301076,1909f56bfc062723c751e8b465ee728b)
Start importing Assets/Scripts/DuckLevelScript.cs using Guid(337728710b409c74788da703e53e7c39) Importer(815301076,1909f56bfc062723c751e8b465ee728b)  -> (artifact id: 'b3076ed8e6eefe668a670f20b6a37438') in 0.009073 seconds
  Import took 0.023196 seconds .

========================================================================
Received Import Request.
  Time since last request: 0.012825 seconds.
  path: Assets/Scripts/DuckLevelScript.cs
  artifactKey: Guid(337728710b409c74788da703e53e7c39) Importer(815301076,1909f56bfc062723c751e8b465ee728b)
Start importing Assets/Scripts/DuckLevelScript.cs using Guid(337728710b409c74788da703e53e7c39) Importer(815301076,1909f56bfc062723c751e8b465ee728b)  -> (artifact id: 'b3076ed8e6eefe668a670f20b6a37438') in 0.008342 seconds
  Import took 0.016835 seconds .

========================================================================
Received Import Request.
  Time since last request: 7.389138 seconds.
  path: Assets/Scripts/ObstacleScript.cs
  artifactKey: Guid(fb42a79f86807fe408386d59d54116eb) Importer(815301076,1909f56bfc062723c751e8b465ee728b)
Start importing Assets/Scripts/ObstacleScript.cs using Guid(fb42a79f86807fe408386d59d54116eb) Importer(815301076,1909f56bfc062723c751e8b465ee728b)  -> (artifact id: '5186e887f925d84f7470ab8e1afd4ae3') in 0.010876 seconds
  Import took 0.021516 seconds .

========================================================================
Received Import Request.
  Time since last request: 0.006080 seconds.
  path: Assets/Scripts/ObstacleScript.cs
  artifactKey: Guid(fb42a79f86807fe408386d59d54116eb) Importer(815301076,1909f56bfc062723c751e8b465ee728b)
Start importing Assets/Scripts/ObstacleScript.cs using Guid(fb42a79f86807fe408386d59d54116eb) Importer(815301076,1909f56bfc062723c751e8b465ee728b)  -> (artifact id: '5186e887f925d84f7470ab8e1afd4ae3') in 0.008923 seconds
  Import took 0.019758 seconds .

========================================================================
Received Prepare
Registering precompiled user dll's ...
Registered in 0.001914 seconds.
Begin MonoManager ReloadAssembly
Native extension for WindowsStandalone target not found
Refreshing native plugins compatible for Editor in 1.01 ms, found 1 plugins.
Preloading 0 native plugins for Editor in 0.00 ms.
Invoked RoslynAnalysisRunner static constructor.
RoslynAnalysisRunner will not be running.
RoslynAnalysisRunner has terminated.
Mono: successfully reloaded assembly
- Completed reload, in  3.097 seconds
Platform modules already initialized, skipping
Refreshing native plugins compatible for Editor in 1.20 ms, found 1 plugins.
Preloading 0 native plugins for Editor in 0.00 ms.
Unloading 1825 Unused Serialized files (Serialized files now loaded: 0)
System memory in use before: 89.5 MB.
System memory in use after: 89.5 MB.

Unloading 12 unused Assets to reduce memory usage. Loaded Objects now: 2377.
Total: 7.120600 ms (FindLiveObjects: 0.597800 ms CreateObjectMapping: 0.307100 ms MarkObjects: 5.817200 ms  DeleteObjects: 0.394100 ms)

========================================================================
Received Prepare
Registering precompiled user dll's ...
Registered in 0.007221 seconds.
Begin MonoManager ReloadAssembly
Native extension for WindowsStandalone target not found
Refreshing native plugins compatible for Editor in 0.74 ms, found 1 plugins.
Preloading 0 native plugins for Editor in 0.00 ms.
Invoked RoslynAnalysisRunner static constructor.
RoslynAnalysisRunner will not be running.
RoslynAnalysisRunner has terminated.
Mono: successfully reloaded assembly
- Completed reload, in  3.338 seconds
Platform modules already initialized, skipping
Refreshing native plugins compatible for Editor in 0.84 ms, found 1 plugins.
Preloading 0 native plugins for Editor in 0.00 ms.
Unloading 1825 Unused Serialized files (Serialized files now loaded: 0)
System memory in use before: 89.5 MB.
System memory in use after: 89.5 MB.

Unloading 12 unused Assets to reduce memory usage. Loaded Objects now: 2380.
Total: 4.887000 ms (FindLiveObjects: 0.434700 ms CreateObjectMapping: 0.203900 ms MarkObjects: 3.984700 ms  DeleteObjects: 0.260600 ms)

========================================================================
Received Prepare
Registering precompiled user dll's ...
Registered in 0.002579 seconds.
Begin MonoManager ReloadAssembly
Native extension for WindowsStandalone target not found
Refreshing native plugins compatible for Editor in 0.74 ms, found 1 plugins.
Preloading 0 native plugins for Editor in 0.00 ms.
Invoked RoslynAnalysisRunner static constructor.
RoslynAnalysisRunner will not be running.
RoslynAnalysisRunner has terminated.
Mono: successfully reloaded assembly
- Completed reload, in  2.646 seconds
Platform modules already initialized, skipping
Refreshing native plugins compatible for Editor in 1.17 ms, found 1 plugins.
Preloading 0 native plugins for Editor in 0.00 ms.
Unloading 1825 Unused Serialized files (Serialized files now loaded: 0)
System memory in use before: 89.5 MB.
System memory in use after: 89.5 MB.

Unloading 12 unused Assets to reduce memory usage. Loaded Objects now: 2383.
Total: 6.901600 ms (FindLiveObjects: 0.574800 ms CreateObjectMapping: 0.242200 ms MarkObjects: 5.741200 ms  DeleteObjects: 0.340100 ms)

========================================================================
Received Prepare
Registering precompiled user dll's ...
Registered in 0.004648 seconds.
Begin MonoManager ReloadAssembly
Native extension for WindowsStandalone target not found
Refreshing native plugins compatible for Editor in 1.01 ms, found 1 plugins.
Preloading 0 native plugins for Editor in 0.00 ms.
Invoked RoslynAnalysisRunner static constructor.
RoslynAnalysisRunner will not be running.
RoslynAnalysisRunner has terminated.
Mono: successfully reloaded assembly
- Completed reload, in  2.833 seconds
Platform modules already initialized, skipping
Refreshing native plugins compatible for Editor in 0.96 ms, found 1 plugins.
Preloading 0 native plugins for Editor in 0.00 ms.
Unloading 1825 Unused Serialized files (Serialized files now loaded: 0)
System memory in use before: 89.5 MB.
System memory in use after: 89.5 MB.

Unloading 12 unused Assets to reduce memory usage. Loaded Objects now: 2386.
Total: 5.282200 ms (FindLiveObjects: 0.479900 ms CreateObjectMapping: 0.198500 ms MarkObjects: 4.356100 ms  DeleteObjects: 0.245000 ms)

========================================================================
Received Import Request.
  Time since last request: 1012.953786 seconds.
  path: Assets/TextMesh Pro/Resources/TMP Settings.asset
  artifactKey: Guid(3f5b5dff67a942289a9defa416b206f3) Importer(815301076,1909f56bfc062723c751e8b465ee728b)
Start importing Assets/TextMesh Pro/Resources/TMP Settings.asset using Guid(3f5b5dff67a942289a9defa416b206f3) Importer(815301076,1909f56bfc062723c751e8b465ee728b)  -> (artifact id: '7579e41da872275ded9e1188235ea523') in 0.353251 seconds
  Import took 0.365089 seconds .

========================================================================
Received Import Request.
  Time since last request: 8.639442 seconds.
  path: Assets/TextMesh Pro/Resources/Sprite Assets/EmojiOne.asset
  artifactKey: Guid(c41005c129ba4d66911b75229fd70b45) Importer(815301076,1909f56bfc062723c751e8b465ee728b)
Start importing Assets/TextMesh Pro/Resources/Sprite Assets/EmojiOne.asset using Guid(c41005c129ba4d66911b75229fd70b45) Importer(815301076,1909f56bfc062723c751e8b465ee728b)  -> (artifact id: '4c202ee3a60ed4eba6eb415ae0e58bcf') in 0.014820 seconds
  Import took 0.025699 seconds .

========================================================================
Received Import Request.
  Time since last request: 0.017118 seconds.
  path: Assets/TextMesh Pro/Resources/Sprite Assets
  artifactKey: Guid(512a49d95c0c4332bdd98131869c23c9) Importer(815301076,1909f56bfc062723c751e8b465ee728b)
Start importing Assets/TextMesh Pro/Resources/Sprite Assets using Guid(512a49d95c0c4332bdd98131869c23c9) Importer(815301076,1909f56bfc062723c751e8b465ee728b)  -> (artifact id: 'da71eb81dcc0bda7f03c9b936261dfd4') in 0.009876 seconds
  Import took 0.020495 seconds .

========================================================================
Received Import Request.
  Time since last request: 0.044755 seconds.
  path: Assets/TextMesh Pro/Resources/Sprite Assets
  artifactKey: Guid(512a49d95c0c4332bdd98131869c23c9) Importer(815301076,1909f56bfc062723c751e8b465ee728b)
Start importing Assets/TextMesh Pro/Resources/Sprite Assets using Guid(512a49d95c0c4332bdd98131869c23c9) Importer(815301076,1909f56bfc062723c751e8b465ee728b)  -> (artifact id: 'da71eb81dcc0bda7f03c9b936261dfd4') in 0.003948 seconds
  Import took 0.008928 seconds .

========================================================================
Received Import Request.
  Time since last request: 12.622217 seconds.
  path: Assets/TextMesh Pro/Shaders
  artifactKey: Guid(e9f693669af91aa45ad615fc681ed29f) Importer(815301076,1909f56bfc062723c751e8b465ee728b)
Start importing Assets/TextMesh Pro/Shaders using Guid(e9f693669af91aa45ad615fc681ed29f) Importer(815301076,1909f56bfc062723c751e8b465ee728b)  -> (artifact id: 'e0c251eb5ec7990f0370024405a776e4') in 0.010405 seconds
  Import took 0.025666 seconds .

========================================================================
Received Import Request.
  Time since last request: 2.904828 seconds.
  path: Assets/TextMesh Pro/Resources
  artifactKey: Guid(243e06394e614e5d99fab26083b707fa) Importer(815301076,1909f56bfc062723c751e8b465ee728b)
Start importing Assets/TextMesh Pro/Resources using Guid(243e06394e614e5d99fab26083b707fa) Importer(815301076,1909f56bfc062723c751e8b465ee728b)  -> (artifact id: '70a46d8ff16a0853f843bf969c8e0d27') in 0.012720 seconds
  Import took 0.025063 seconds .

========================================================================
Received Import Request.
  Time since last request: 0.009759 seconds.
  path: Assets/TextMesh Pro/Resources
  artifactKey: Guid(243e06394e614e5d99fab26083b707fa) Importer(815301076,1909f56bfc062723c751e8b465ee728b)
Start importing Assets/TextMesh Pro/Resources using Guid(243e06394e614e5d99fab26083b707fa) Importer(815301076,1909f56bfc062723c751e8b465ee728b)  -> (artifact id: '70a46d8ff16a0853f843bf969c8e0d27') in 0.009500 seconds
  Import took 0.023299 seconds .

========================================================================
Received Import Request.
  Time since last request: 1915.760462 seconds.
  path: Assets/TextMesh Pro/Examples & Extras/Resources
  artifactKey: Guid(d6d3a169ad794942a21da6a552d62f6f) Importer(815301076,1909f56bfc062723c751e8b465ee728b)
Start importing Assets/TextMesh Pro/Examples & Extras/Resources using Guid(d6d3a169ad794942a21da6a552d62f6f) Importer(815301076,1909f56bfc062723c751e8b465ee728b)  -> (artifact id: 'a1f75711ff420da5fb9f861c9a4a0603') in 0.009707 seconds
  Import took 0.022902 seconds .

========================================================================
Received Import Request.
  Time since last request: 0.013749 seconds.
  path: Assets/TextMesh Pro/Examples & Extras/Resources
  artifactKey: Guid(d6d3a169ad794942a21da6a552d62f6f) Importer(815301076,1909f56bfc062723c751e8b465ee728b)
Start importing Assets/TextMesh Pro/Examples & Extras/Resources using Guid(d6d3a169ad794942a21da6a552d62f6f) Importer(815301076,1909f56bfc062723c751e8b465ee728b)  -> (artifact id: 'a1f75711ff420da5fb9f861c9a4a0603') in 0.007734 seconds
  Import took 0.019775 seconds .

========================================================================
Received Import Request.
  Time since last request: 2.090642 seconds.
  path: Assets/TextMesh Pro/Examples & Extras/Resources/Sprite Assets/Default Sprite Asset.asset
  artifactKey: Guid(fbef3c704dce48f08a44612d6c856c8d) Importer(815301076,1909f56bfc062723c751e8b465ee728b)
Start importing Assets/TextMesh Pro/Examples & Extras/Resources/Sprite Assets/Default Sprite Asset.asset using Guid(fbef3c704dce48f08a44612d6c856c8d) Importer(815301076,1909f56bfc062723c751e8b465ee728b)  -> (artifact id: 'cfe06f7bd878c88ffcc9c252b1cbf5e4') in 0.019088 seconds
  Import took 0.030587 seconds .

========================================================================
Received Import Request.
  Time since last request: 0.001024 seconds.
  path: Assets/TextMesh Pro/Examples & Extras/Resources/Sprite Assets/DropCap Numbers.asset
  artifactKey: Guid(14aa93acbb234d16aaef0e8b46814db6) Importer(815301076,1909f56bfc062723c751e8b465ee728b)
Start importing Assets/TextMesh Pro/Examples & Extras/Resources/Sprite Assets/DropCap Numbers.asset using Guid(14aa93acbb234d16aaef0e8b46814db6) Importer(815301076,1909f56bfc062723c751e8b465ee728b)  -> (artifact id: 'c1ddfa88d5f8e01fb09bb7202320e726') in 0.016972 seconds
  Import took 0.029208 seconds .

========================================================================
Received Import Request.
  Time since last request: 0.001104 seconds.
  path: Assets/TextMesh Pro/Examples & Extras/Resources/Sprite Assets
  artifactKey: Guid(3ac6db30e75b49b282a3564110579f27) Importer(815301076,1909f56bfc062723c751e8b465ee728b)
Start importing Assets/TextMesh Pro/Examples & Extras/Resources/Sprite Assets using Guid(3ac6db30e75b49b282a3564110579f27) Importer(815301076,1909f56bfc062723c751e8b465ee728b)  -> (artifact id: 'd272e99b1b4e3ba7c4114b5691dd0493') in 0.008751 seconds
  Import took 0.019740 seconds .

========================================================================
Received Import Request.
  Time since last request: 0.001036 seconds.
  path: Assets/TextMesh Pro/Examples & Extras/Resources/Sprite Assets/Default Sprite Asset.asset
  artifactKey: Guid(fbef3c704dce48f08a44612d6c856c8d) Importer(815301076,1909f56bfc062723c751e8b465ee728b)
Start importing Assets/TextMesh Pro/Examples & Extras/Resources/Sprite Assets/Default Sprite Asset.asset using Guid(fbef3c704dce48f08a44612d6c856c8d) Importer(815301076,1909f56bfc062723c751e8b465ee728b)  -> (artifact id: 'cfe06f7bd878c88ffcc9c252b1cbf5e4') in 0.014444 seconds
  Import took 0.027479 seconds .

========================================================================
Received Import Request.
  Time since last request: 0.015445 seconds.
  path: Assets/TextMesh Pro/Examples & Extras/Resources/Sprite Assets
  artifactKey: Guid(3ac6db30e75b49b282a3564110579f27) Importer(815301076,1909f56bfc062723c751e8b465ee728b)
Start importing Assets/TextMesh Pro/Examples & Extras/Resources/Sprite Assets using Guid(3ac6db30e75b49b282a3564110579f27) Importer(815301076,1909f56bfc062723c751e8b465ee728b)  -> (artifact id: 'd272e99b1b4e3ba7c4114b5691dd0493') in 0.008711 seconds
  Import took 0.019089 seconds .

========================================================================
Received Prepare
Registering precompiled user dll's ...
Registered in 0.003041 seconds.
Begin MonoManager ReloadAssembly
Native extension for WindowsStandalone target not found
Refreshing native plugins compatible for Editor in 0.86 ms, found 1 plugins.
Preloading 0 native plugins for Editor in 0.00 ms.
Invoked RoslynAnalysisRunner static constructor.
RoslynAnalysisRunner will not be running.
RoslynAnalysisRunner has terminated.
Mono: successfully reloaded assembly
- Completed reload, in  3.869 seconds
Platform modules already initialized, skipping
Refreshing native plugins compatible for Editor in 1.36 ms, found 1 plugins.
Preloading 0 native plugins for Editor in 0.00 ms.
Unloading 1825 Unused Serialized files (Serialized files now loaded: 0)
System memory in use before: 89.8 MB.
System memory in use after: 89.8 MB.

Unloading 12 unused Assets to reduce memory usage. Loaded Objects now: 2389.
Total: 6.123300 ms (FindLiveObjects: 0.414200 ms CreateObjectMapping: 0.150500 ms MarkObjects: 5.316300 ms  DeleteObjects: 0.239700 ms)

========================================================================
Received Prepare
Registering precompiled user dll's ...
Registered in 0.002955 seconds.
Begin MonoManager ReloadAssembly
Native extension for WindowsStandalone target not found
Refreshing native plugins compatible for Editor in 1.95 ms, found 1 plugins.
Preloading 0 native plugins for Editor in 0.00 ms.
Invoked RoslynAnalysisRunner static constructor.
RoslynAnalysisRunner will not be running.
RoslynAnalysisRunner has terminated.
Mono: successfully reloaded assembly
- Completed reload, in  3.196 seconds
Platform modules already initialized, skipping
Refreshing native plugins compatible for Editor in 1.35 ms, found 1 plugins.
Preloading 0 native plugins for Editor in 0.00 ms.
Unloading 1825 Unused Serialized files (Serialized files now loaded: 0)
System memory in use before: 89.9 MB.
System memory in use after: 89.8 MB.

Unloading 12 unused Assets to reduce memory usage. Loaded Objects now: 2392.
Total: 5.933600 ms (FindLiveObjects: 0.390300 ms CreateObjectMapping: 0.184400 ms MarkObjects: 4.970400 ms  DeleteObjects: 0.384700 ms)

========================================================================
Received Prepare
Registering precompiled user dll's ...
Registered in 0.002267 seconds.
Begin MonoManager ReloadAssembly
Native extension for WindowsStandalone target not found
Refreshing native plugins compatible for Editor in 0.48 ms, found 1 plugins.
Preloading 0 native plugins for Editor in 0.00 ms.
Invoked RoslynAnalysisRunner static constructor.
RoslynAnalysisRunner will not be running.
RoslynAnalysisRunner has terminated.
Mono: successfully reloaded assembly
- Completed reload, in  3.045 seconds
Platform modules already initialized, skipping
Refreshing native plugins compatible for Editor in 0.94 ms, found 1 plugins.
Preloading 0 native plugins for Editor in 0.00 ms.
Unloading 1825 Unused Serialized files (Serialized files now loaded: 0)
System memory in use before: 89.9 MB.
System memory in use after: 89.9 MB.

Unloading 12 unused Assets to reduce memory usage. Loaded Objects now: 2395.
Total: 5.507000 ms (FindLiveObjects: 0.454400 ms CreateObjectMapping: 0.146400 ms MarkObjects: 4.669400 ms  DeleteObjects: 0.234600 ms)

========================================================================
Received Prepare
Registering precompiled user dll's ...
Registered in 0.002124 seconds.
Begin MonoManager ReloadAssembly
Native extension for WindowsStandalone target not found
Refreshing native plugins compatible for Editor in 0.78 ms, found 1 plugins.
Preloading 0 native plugins for Editor in 0.00 ms.
Invoked RoslynAnalysisRunner static constructor.
RoslynAnalysisRunner will not be running.
RoslynAnalysisRunner has terminated.
Mono: successfully reloaded assembly
- Completed reload, in  3.060 seconds
Platform modules already initialized, skipping
Refreshing native plugins compatible for Editor in 0.90 ms, found 1 plugins.
Preloading 0 native plugins for Editor in 0.00 ms.
Unloading 1825 Unused Serialized files (Serialized files now loaded: 0)
System memory in use before: 89.9 MB.
System memory in use after: 89.9 MB.

Unloading 12 unused Assets to reduce memory usage. Loaded Objects now: 2398.
Total: 5.214900 ms (FindLiveObjects: 0.454700 ms CreateObjectMapping: 0.203500 ms MarkObjects: 4.314400 ms  DeleteObjects: 0.239000 ms)

========================================================================
Received Prepare
Registering precompiled user dll's ...
Registered in 0.006876 seconds.
Begin MonoManager ReloadAssembly
Native extension for WindowsStandalone target not found
Refreshing native plugins compatible for Editor in 0.89 ms, found 1 plugins.
Preloading 0 native plugins for Editor in 0.00 ms.
Invoked RoslynAnalysisRunner static constructor.
RoslynAnalysisRunner will not be running.
RoslynAnalysisRunner has terminated.
Mono: successfully reloaded assembly
- Completed reload, in  3.105 seconds
Platform modules already initialized, skipping
Refreshing native plugins compatible for Editor in 1.03 ms, found 1 plugins.
Preloading 0 native plugins for Editor in 0.00 ms.
Unloading 1825 Unused Serialized files (Serialized files now loaded: 0)
System memory in use before: 89.9 MB.
System memory in use after: 89.9 MB.

Unloading 12 unused Assets to reduce memory usage. Loaded Objects now: 2401.
Total: 5.103800 ms (FindLiveObjects: 0.422000 ms CreateObjectMapping: 0.324800 ms MarkObjects: 4.119200 ms  DeleteObjects: 0.235100 ms)

========================================================================
Received Prepare
Registering precompiled user dll's ...
Registered in 0.002481 seconds.
Begin MonoManager ReloadAssembly
Native extension for WindowsStandalone target not found
Refreshing native plugins compatible for Editor in 0.79 ms, found 1 plugins.
Preloading 0 native plugins for Editor in 0.00 ms.
Invoked RoslynAnalysisRunner static constructor.
RoslynAnalysisRunner will not be running.
RoslynAnalysisRunner has terminated.
Mono: successfully reloaded assembly
- Completed reload, in  2.886 seconds
Platform modules already initialized, skipping
Refreshing native plugins compatible for Editor in 1.00 ms, found 1 plugins.
Preloading 0 native plugins for Editor in 0.00 ms.
Unloading 1825 Unused Serialized files (Serialized files now loaded: 0)
System memory in use before: 89.9 MB.
System memory in use after: 89.9 MB.

Unloading 12 unused Assets to reduce memory usage. Loaded Objects now: 2404.
Total: 5.002300 ms (FindLiveObjects: 0.438300 ms CreateObjectMapping: 0.195300 ms MarkObjects: 4.140700 ms  DeleteObjects: 0.226100 ms)

========================================================================
Received Prepare
Registering precompiled user dll's ...
Registered in 0.001447 seconds.
Begin MonoManager ReloadAssembly
Native extension for WindowsStandalone target not found
Refreshing native plugins compatible for Editor in 0.69 ms, found 1 plugins.
Preloading 0 native plugins for Editor in 0.00 ms.
Invoked RoslynAnalysisRunner static constructor.
RoslynAnalysisRunner will not be running.
RoslynAnalysisRunner has terminated.
Mono: successfully reloaded assembly
- Completed reload, in  1.106 seconds
Platform modules already initialized, skipping
Refreshing native plugins compatible for Editor in 0.82 ms, found 1 plugins.
Preloading 0 native plugins for Editor in 0.00 ms.
Unloading 1825 Unused Serialized files (Serialized files now loaded: 0)
System memory in use before: 89.9 MB.
System memory in use after: 89.9 MB.

Unloading 12 unused Assets to reduce memory usage. Loaded Objects now: 2407.
Total: 4.699900 ms (FindLiveObjects: 0.452600 ms CreateObjectMapping: 0.189300 ms MarkObjects: 3.838700 ms  DeleteObjects: 0.216900 ms)

========================================================================
Received Prepare
Registering precompiled user dll's ...
Registered in 0.002531 seconds.
Begin MonoManager ReloadAssembly
Native extension for WindowsStandalone target not found
Refreshing native plugins compatible for Editor in 0.62 ms, found 1 plugins.
Preloading 0 native plugins for Editor in 0.00 ms.
Invoked RoslynAnalysisRunner static constructor.
RoslynAnalysisRunner will not be running.
RoslynAnalysisRunner has terminated.
Mono: successfully reloaded assembly
- Completed reload, in  1.993 seconds
Platform modules already initialized, skipping
Refreshing native plugins compatible for Editor in 2.21 ms, found 1 plugins.
Preloading 0 native plugins for Editor in 0.00 ms.
Unloading 1825 Unused Serialized files (Serialized files now loaded: 0)
System memory in use before: 89.9 MB.
System memory in use after: 89.9 MB.

Unloading 12 unused Assets to reduce memory usage. Loaded Objects now: 2410.
Total: 6.217800 ms (FindLiveObjects: 0.715000 ms CreateObjectMapping: 0.197700 ms MarkObjects: 5.062700 ms  DeleteObjects: 0.238800 ms)

========================================================================
Received Prepare
Registering precompiled user dll's ...
Registered in 0.001403 seconds.
Begin MonoManager ReloadAssembly
Native extension for WindowsStandalone target not found
Refreshing native plugins compatible for Editor in 0.41 ms, found 1 plugins.
Preloading 0 native plugins for Editor in 0.00 ms.
Invoked RoslynAnalysisRunner static constructor.
RoslynAnalysisRunner will not be running.
RoslynAnalysisRunner has terminated.
Mono: successfully reloaded assembly
- Completed reload, in  1.113 seconds
Platform modules already initialized, skipping
Refreshing native plugins compatible for Editor in 0.77 ms, found 1 plugins.
Preloading 0 native plugins for Editor in 0.00 ms.
Unloading 1825 Unused Serialized files (Serialized files now loaded: 0)
System memory in use before: 89.9 MB.
System memory in use after: 89.9 MB.

Unloading 12 unused Assets to reduce memory usage. Loaded Objects now: 2413.
Total: 4.844700 ms (FindLiveObjects: 0.557000 ms CreateObjectMapping: 0.169900 ms MarkObjects: 3.861600 ms  DeleteObjects: 0.253600 ms)

========================================================================
Received Prepare
Registering precompiled user dll's ...
Registered in 0.001698 seconds.
Begin MonoManager ReloadAssembly
Native extension for WindowsStandalone target not found
Refreshing native plugins compatible for Editor in 0.82 ms, found 1 plugins.
Preloading 0 native plugins for Editor in 0.00 ms.
Invoked RoslynAnalysisRunner static constructor.
RoslynAnalysisRunner will not be running.
RoslynAnalysisRunner has terminated.
Mono: successfully reloaded assembly
- Completed reload, in  1.129 seconds
Platform modules already initialized, skipping
Refreshing native plugins compatible for Editor in 0.86 ms, found 1 plugins.
Preloading 0 native plugins for Editor in 0.00 ms.
Unloading 1825 Unused Serialized files (Serialized files now loaded: 0)
System memory in use before: 89.9 MB.
System memory in use after: 89.9 MB.

Unloading 12 unused Assets to reduce memory usage. Loaded Objects now: 2416.
Total: 4.811900 ms (FindLiveObjects: 0.531700 ms CreateObjectMapping: 0.199100 ms MarkObjects: 3.860700 ms  DeleteObjects: 0.218200 ms)

========================================================================
Received Prepare
Registering precompiled user dll's ...
Registered in 0.001527 seconds.
Begin MonoManager ReloadAssembly
Native extension for WindowsStandalone target not found
Refreshing native plugins compatible for Editor in 0.41 ms, found 1 plugins.
Preloading 0 native plugins for Editor in 0.00 ms.
Invoked RoslynAnalysisRunner static constructor.
RoslynAnalysisRunner will not be running.
RoslynAnalysisRunner has terminated.
Mono: successfully reloaded assembly
- Completed reload, in  1.049 seconds
Platform modules already initialized, skipping
Refreshing native plugins compatible for Editor in 0.72 ms, found 1 plugins.
Preloading 0 native plugins for Editor in 0.00 ms.
Unloading 1825 Unused Serialized files (Serialized files now loaded: 0)
System memory in use before: 89.9 MB.
System memory in use after: 89.9 MB.

Unloading 12 unused Assets to reduce memory usage. Loaded Objects now: 2419.
Total: 4.466600 ms (FindLiveObjects: 0.428100 ms CreateObjectMapping: 0.164800 ms MarkObjects: 3.652900 ms  DeleteObjects: 0.217800 ms)

AssetImportWorkerClient::OnTransportError - code=2 error=End of file
