Using pre-set license
Built from '2020.2/staging' branch; Version is '2020.2.3f1 (8ff31bc5bf5b) revision 9433883'; Using compiler version '192528614'; Build Type 'Release'
OS: 'Windows 10 Pro for Workstations; OS build 19042.867; Version 2009; 64bit' Language: 'en' Physical Memory: 32386 MB
BatchMode: 1, IsHumanControllingUs: 0, StartBugReporterOnCrash: 0, Is64bit: 1, IsPro: 0

 COMMAND LINE ARGUMENTS:
C:\Program Files\UnityEditors\2020.2.3f1\Editor\Unity.exe
-adb2
-batchMode
-noUpm
-name
AssetImportWorker0
-projectPath
C:/Users/reill/Olismathematicaladventure
-logFile
Logs/AssetImportWorker0.log
-srvPort
63110
Successfully changed project path to: C:/Users/reill/Olismathematicaladventure
C:/Users/reill/Olismathematicaladventure
Using Asset Import Pipeline V2.
Refreshing native plugins compatible for Editor in 70.82 ms, found 1 plugins.
Preloading 0 native plugins for Editor in 0.00 ms.
Initialize engine version: 2020.2.3f1 (8ff31bc5bf5b)
[Subsystems] Discovering subsystems at path C:/Program Files/UnityEditors/2020.2.3f1/Editor/Data/Resources/UnitySubsystems
[Subsystems] Discovering subsystems at path C:/Users/reill/Olismathematicaladventure/Assets
GfxDevice: creating device client; threaded=0
Direct3D:
    Version:  Direct3D 11.0 [level 11.1]
    Renderer: NVIDIA Quadro RTX 5000 (ID=0x1eb0)
    Vendor:   
    VRAM:     16170 MB
    Driver:   27.21.14.6109
Initialize mono
Mono path[0] = 'C:/Program Files/UnityEditors/2020.2.3f1/Editor/Data/Managed'
Mono path[1] = 'C:/Program Files/UnityEditors/2020.2.3f1/Editor/Data/MonoBleedingEdge/lib/mono/unityjit'
Mono config path = 'C:/Program Files/UnityEditors/2020.2.3f1/Editor/Data/MonoBleedingEdge/etc'
Using monoOptions --debugger-agent=transport=dt_socket,embedding=1,server=y,suspend=n,address=127.0.0.1:56340
Begin MonoManager ReloadAssembly
Registering precompiled unity dll's ...
Register platform support module: C:/Program Files/UnityEditors/2020.2.3f1/Editor/Data/PlaybackEngines/WebGLSupport/UnityEditor.WebGL.Extensions.dll
Register platform support module: C:/Program Files/UnityEditors/2020.2.3f1/Editor/Data/PlaybackEngines/WindowsStandaloneSupport/UnityEditor.WindowsStandalone.Extensions.dll
Registered in 0.002941 seconds.
Native extension for WindowsStandalone target not found
Native extension for WebGL target not found
Refreshing native plugins compatible for Editor in 50.74 ms, found 1 plugins.
Preloading 0 native plugins for Editor in 0.00 ms.
Invoked RoslynAnalysisRunner static constructor.
RoslynAnalysisRunner will not be running.
RoslynAnalysisRunner has terminated.
Mono: successfully reloaded assembly
- Completed reload, in  3.312 seconds
Platform modules already initialized, skipping
Registering precompiled user dll's ...
Registered in 0.003144 seconds.
Begin MonoManager ReloadAssembly
Native extension for WindowsStandalone target not found
Native extension for WebGL target not found
Refreshing native plugins compatible for Editor in 67.26 ms, found 1 plugins.
Preloading 0 native plugins for Editor in 0.00 ms.
Invoked RoslynAnalysisRunner static constructor.
RoslynAnalysisRunner will not be running.
RoslynAnalysisRunner has terminated.
Mono: successfully reloaded assembly
- Completed reload, in  1.633 seconds
Platform modules already initialized, skipping
========================================================================
Worker process is ready to serve import requests
Launched and connected shader compiler UnityShaderCompiler.exe after 0.12 seconds
Refreshing native plugins compatible for Editor in 0.69 ms, found 1 plugins.
Preloading 0 native plugins for Editor in 0.00 ms.
Unloading 1840 Unused Serialized files (Serialized files now loaded: 0)
System memory in use before: 86.9 MB.
System memory in use after: 86.9 MB.

Unloading 23 unused Assets to reduce memory usage. Loaded Objects now: 2281.
Total: 5.706700 ms (FindLiveObjects: 0.452200 ms CreateObjectMapping: 0.177400 ms MarkObjects: 4.769200 ms  DeleteObjects: 0.304900 ms)

========================================================================
Received Import Request.
  path: Assets/WhiteSquare.png
  artifactKey: Guid(ace35c39de372d5468568fb87d53faae) Importer(815301076,1909f56bfc062723c751e8b465ee728b)
Start importing Assets/WhiteSquare.png using Guid(ace35c39de372d5468568fb87d53faae) Importer(815301076,1909f56bfc062723c751e8b465ee728b)  -> (artifact id: 'cfe72785b67fe2e049bd0e0a65217a28') in 0.306881 seconds
  Import took 0.315350 seconds .

========================================================================
Received Import Request.
  Time since last request: 0.000541 seconds.
  path: Assets/DuckGameSpriteSheet.png
  artifactKey: Guid(d8baa0ee8c39df349b47084c44dc57b1) Importer(815301076,1909f56bfc062723c751e8b465ee728b)
Start importing Assets/DuckGameSpriteSheet.png using Guid(d8baa0ee8c39df349b47084c44dc57b1) Importer(815301076,1909f56bfc062723c751e8b465ee728b)  -> (artifact id: '4198236a2ec9419bf18427959b0a3d1f') in 0.278803 seconds
  Import took 0.288459 seconds .

========================================================================
Received Import Request.
  Time since last request: 383.275786 seconds.
  path: Assets
  artifactKey: Guid(00000000000000001000000000000000) Importer(815301076,1909f56bfc062723c751e8b465ee728b)
Start importing Assets using Guid(00000000000000001000000000000000) Importer(815301076,1909f56bfc062723c751e8b465ee728b)  -> (artifact id: '653ce283d384579a24208b2e4d727c2a') in 0.011239 seconds
  Import took 0.017481 seconds .

========================================================================
Received Import Request.
  Time since last request: 9.440994 seconds.
  path: Assets/Scripts
  artifactKey: Guid(a200a4328c746a4498715615b44cfa49) Importer(815301076,1909f56bfc062723c751e8b465ee728b)
Start importing Assets/Scripts using Guid(a200a4328c746a4498715615b44cfa49) Importer(815301076,1909f56bfc062723c751e8b465ee728b)  -> (artifact id: 'f9bc02775c9a684bb9f1989e0cdd6531') in 0.022791 seconds
  Import took 0.033179 seconds .

========================================================================
Received Import Request.
  Time since last request: 19.780779 seconds.
  path: Assets/Scripts/LevelScript.cs
  artifactKey: Guid(e75b4f34f479d8c439f48e5f072fdd74) Importer(815301076,1909f56bfc062723c751e8b465ee728b)
Start importing Assets/Scripts/LevelScript.cs using Guid(e75b4f34f479d8c439f48e5f072fdd74) Importer(815301076,1909f56bfc062723c751e8b465ee728b)  -> (artifact id: 'c8c44a21215552d5b83fba400b2282d6') in 0.026534 seconds
  Import took 0.033400 seconds .

========================================================================
Received Prepare
Registering precompiled user dll's ...
Registered in 0.089074 seconds.
Begin MonoManager ReloadAssembly
Native extension for WindowsStandalone target not found
Native extension for WebGL target not found
Refreshing native plugins compatible for Editor in 1.05 ms, found 1 plugins.
Preloading 0 native plugins for Editor in 0.00 ms.
Invoked RoslynAnalysisRunner static constructor.
RoslynAnalysisRunner will not be running.
RoslynAnalysisRunner has terminated.
Mono: successfully reloaded assembly
- Completed reload, in  1.803 seconds
Platform modules already initialized, skipping
Switching build target platform(5) subTarget(0) extendedPlatform(0) -> platform(13) subTarget(537395200) extendedPlatform(0)
Refreshing native plugins compatible for Editor in 0.78 ms, found 1 plugins.
Preloading 0 native plugins for Editor in 0.00 ms.
Unloading 1826 Unused Serialized files (Serialized files now loaded: 0)
System memory in use before: 89.1 MB.
System memory in use after: 89.1 MB.

Unloading 12 unused Assets to reduce memory usage. Loaded Objects now: 2352.
Total: 5.758700 ms (FindLiveObjects: 0.483800 ms CreateObjectMapping: 0.177100 ms MarkObjects: 4.798600 ms  DeleteObjects: 0.296600 ms)

AssetImportParameters requested are different than current active one (requested -> active):
  custom:graphics/normal-map-encoding: 01000000000000000000000000000000 -> 02000000000000000000000000000000
========================================================================
Received Import Request.
  Time since last request: 565.227051 seconds.
  path: ProjectSettings/TagManager.asset
  artifactKey: Guid(00000000000000003000000000000000) Importer(815301076,1909f56bfc062723c751e8b465ee728b)
Start importing ProjectSettings/TagManager.asset using Guid(00000000000000003000000000000000) Importer(815301076,1909f56bfc062723c751e8b465ee728b)  -> (artifact id: '5d8748435867583b0bac0f9e1bec96ad') in 0.037515 seconds
  Import took 0.043318 seconds .

========================================================================
Received Import Request.
  Time since last request: 67.042350 seconds.
  path: Assets/Scripts/ObjectScript.cs
  artifactKey: Guid(f3174117a227aa643b6c25a609c0a664) Importer(815301076,1909f56bfc062723c751e8b465ee728b)
Start importing Assets/Scripts/ObjectScript.cs using Guid(f3174117a227aa643b6c25a609c0a664) Importer(815301076,1909f56bfc062723c751e8b465ee728b)  -> (artifact id: '1b64464216a6ddf2d55fb4065cbbbc55') in 0.024321 seconds
  Import took 0.030085 seconds .

========================================================================
Received Import Request.
  Time since last request: 669.791960 seconds.
  path: Assets/Scripts/ScrollingScript.cs
  artifactKey: Guid(fe5bdd9162342074fa9d107aef0901f4) Importer(815301076,1909f56bfc062723c751e8b465ee728b)
Start importing Assets/Scripts/ScrollingScript.cs using Guid(fe5bdd9162342074fa9d107aef0901f4) Importer(815301076,1909f56bfc062723c751e8b465ee728b)  -> (artifact id: '9b57cbd21c57dd0c9944a0342256cb17') in 0.018109 seconds
  Import took 0.033087 seconds .

========================================================================
Received Import Request.
  Time since last request: 551.628735 seconds.
  path: Assets/Scripts/ScrollingScript.cs
  artifactKey: Guid(fe5bdd9162342074fa9d107aef0901f4) Importer(815301076,1909f56bfc062723c751e8b465ee728b)
Start importing Assets/Scripts/ScrollingScript.cs using Guid(fe5bdd9162342074fa9d107aef0901f4) Importer(815301076,1909f56bfc062723c751e8b465ee728b)  -> (artifact id: 'add34a94fc1629ad81d29c685483d1bd') in 0.005590 seconds
  Import took 0.012034 seconds .

AssetImportWorkerClient::OnTransportError - code=2 error=End of file
